\BOOKMARK [-1][]{1.-1}{\376\377\000B\000u\000s\000c\000a\000\040\000e\000m\000\040\000E\000s\000p\000a\000\347\000o\000\040\000d\000e\000\040\000E\000s\000t\000a\000d\000o\000s}{}% 1
\BOOKMARK [-1][]{2.-1}{\376\377\000I\000n\000t\000r\000o\000d\000u\000\347\000\343\000o}{}% 2
\BOOKMARK [0][]{3.0}{\376\377\000A\000g\000e\000n\000t\000e\000\040\000o\000r\000i\000e\000n\000t\000a\000d\000o\000\040\000a\000\040\000m\000e\000t\000a}{2.-1}% 3
\BOOKMARK [0][]{4.0}{\376\377\000O\000\040\000q\000u\000e\000\040\000\351\000\040\000b\000u\000s\000c\000a\000?}{2.-1}% 4
\BOOKMARK [0][]{5.0}{\376\377\000E\000x\000e\000m\000p\000l\000o\000\040\000d\000o\000\040\000a\000s\000p\000i\000r\000a\000d\000o\000r\000\040\000d\000e\000\040\000p\000\363}{2.-1}% 5
\BOOKMARK [0][]{8.0}{\376\377\000P\000o\000r\000\040\000q\000u\000e\000\040\000e\000s\000t\000a\000d\000o\000s\000?}{2.-1}% 6
\BOOKMARK [0][]{9.0}{\376\377\000E\000x\000e\000m\000p\000l\000o\000\040\000d\000o\000\040\000h\000o\000m\000e\000m\000,\000\040\000o\000\040\000l\000o\000b\000o\000,\000\040\000o\000\040\000c\000a\000r\000n\000e\000i\000r\000o\000\040\000e\000\040\000o\000\040\000c\000e\000s\000t\000o\000\040\000d\000e\000\040\000a\000l\000f\000a\000c\000e\000.}{2.-1}% 7
\BOOKMARK [0][]{10.0}{\376\377\000B\000u\000s\000c\000a\000\040\000c\000o\000m\000o\000\040\000d\000e\000s\000e\000n\000v\000o\000l\000v\000i\000m\000e\000n\000t\000o\000\040\000d\000e\000\040\000s\000o\000f\000t\000w\000a\000r\000e}{2.-1}% 8
\BOOKMARK [0][]{12.0}{\376\377\000E\000x\000e\000r\000c\000\355\000c\000i\000o}{2.-1}% 9
\BOOKMARK [-1][]{15.-1}{\376\377\000A\000l\000g\000o\000r\000i\000t\000m\000o\000s\000\040\000d\000e\000\040\000B\000u\000s\000c\000a\000\040\000`\000`\000C\000e\000g\000a\000'\000'}{}% 10
\BOOKMARK [0][]{16.0}{\376\377\000\301\000r\000v\000o\000r\000e\000\040\000d\000e\000\040\000b\000u\000s\000c\000a}{15.-1}% 11
\BOOKMARK [0][]{17.0}{\376\377\000E\000s\000t\000r\000a\000t\000\351\000g\000i\000a\000s\000\040\000d\000e\000\040\000b\000u\000s\000c\000a}{15.-1}% 12
\BOOKMARK [0][]{18.0}{\376\377\000A\000l\000g\000o\000r\000i\000t\000m\000o\000\040\000d\000e\000\040\000b\000u\000s\000c\000a\000\040\000e\000m\000\040\000l\000a\000r\000g\000u\000r\000a}{15.-1}% 13
\BOOKMARK [0][]{19.0}{\376\377\000C\000r\000i\000t\000\351\000r\000i\000o\000s\000\040\000d\000e\000\040\000c\000o\000m\000p\000a\000r\000a\000\347\000\343\000o\000\040\000e\000n\000t\000r\000e\000\040\000o\000s\000\040\000a\000l\000g\000o\000r\000i\000t\000m\000o\000s}{15.-1}% 14
\BOOKMARK [0][]{20.0}{\376\377\000A\000n\000\341\000l\000i\000s\000e\000\040\000d\000o\000\040\000a\000l\000g\000o\000r\000i\000t\000m\000o\000\040\000B\000L}{15.-1}% 15
\BOOKMARK [0][]{21.0}{\376\377\000E\000x\000e\000m\000p\000l\000o\000\040\000d\000e\000\040\000c\000o\000m\000p\000l\000e\000x\000i\000d\000a\000d\000e}{15.-1}% 16
\BOOKMARK [0][]{22.0}{\376\377\000N\000o\000d\000o\000s\000\040\000d\000a\000\040\000\341\000r\000v\000o\000r\000e}{15.-1}% 17
\BOOKMARK [0][]{23.0}{\376\377\000E\000s\000t\000r\000a\000t\000\351\000g\000i\000a\000s\000\040\000d\000e\000\040\000p\000o\000d\000a\000\040\000d\000a\000\040\000\341\000r\000v\000o\000r\000e\000\040\000d\000e\000\040\000b\000u\000s\000c\000a}{15.-1}% 18
\BOOKMARK [0][]{25.0}{\376\377\000A\000l\000g\000o\000r\000i\000t\000m\000o\000\040\000d\000e\000\040\000b\000u\000s\000c\000a\000\040\000e\000m\000\040\000p\000r\000o\000f\000u\000n\000d\000i\000d\000a\000d\000e}{15.-1}% 19
\BOOKMARK [0][]{26.0}{\376\377\000A\000n\000\341\000l\000i\000s\000e\000\040\000d\000o\000\040\000a\000l\000g\000o\000r\000i\000t\000m\000o\000\040\000B\000P}{15.-1}% 20
\BOOKMARK [0][]{27.0}{\376\377\000A\000l\000g\000o\000r\000i\000t\000m\000o\000\040\000d\000e\000\040\000b\000u\000s\000c\000a\000\040\000e\000m\000\040\000p\000r\000o\000f\000u\000n\000d\000i\000d\000a\000d\000e\000\040\000i\000t\000e\000r\000a\000t\000i\000v\000o}{15.-1}% 21
\BOOKMARK [0][]{28.0}{\376\377\000A\000n\000\341\000l\000i\000s\000e\000\040\000d\000o\000\040\000a\000l\000g\000o\000r\000i\000t\000m\000o\000\040\000B\000P\000I}{15.-1}% 22
\BOOKMARK [0][]{29.0}{\376\377\000A\000l\000g\000o\000r\000i\000t\000m\000o\000\040\000d\000e\000\040\000b\000u\000s\000c\000a\000\040\000d\000e\000\040\000c\000u\000s\000t\000o\000\040\000u\000n\000i\000f\000o\000r\000m\000e}{15.-1}% 23
\BOOKMARK [0][]{30.0}{\376\377\000A\000l\000g\000o\000r\000i\000t\000m\000o\000\040\000d\000e\000\040\000b\000u\000s\000c\000a\000\040\000d\000e\000\040\000c\000u\000s\000t\000o\000\040\000u\000n\000i\000f\000o\000r\000m\000e}{15.-1}% 24
\BOOKMARK [0][]{31.0}{\376\377\000R\000e\000s\000u\000m\000o}{15.-1}% 25
\BOOKMARK [-1][]{32.-1}{\376\377\000A\000l\000g\000o\000r\000i\000t\000m\000o\000s\000\040\000d\000e\000\040\000B\000u\000s\000c\000a\000\040\000`\000`\000I\000n\000t\000e\000l\000i\000g\000e\000n\000t\000e\000'\000'}{}% 26
\BOOKMARK [0][]{33.0}{\376\377\000E\000x\000e\000m\000p\000l\000o\000:\000\040\000i\000r\000\040\000d\000e\000\040\000`\000`\000h\000'\000'\000\040\000p\000a\000r\000a\000\040\000`\000`\000o\000'\000'\000\040\000\050\000c\000o\000m\000\040\000B\000L\000\051}{32.-1}% 27
\BOOKMARK [0][]{34.0}{\376\377\000H\000e\000u\000r\000\355\000s\000t\000i\000c\000a}{32.-1}% 28
\BOOKMARK [0][]{36.0}{\376\377\000B\000u\000s\000c\000a\000\040\000A\000*}{32.-1}% 29
\BOOKMARK [0][]{37.0}{\376\377\000A\000l\000g\000o\000r\000i\000t\000m\000o\000\040\000d\000e\000\040\000b\000u\000s\000c\000a\000\040\000A\000*}{32.-1}% 30
\BOOKMARK [0][]{38.0}{\376\377\000P\000r\000o\000p\000r\000i\000e\000d\000a\000d\000e\000s\000\040\000d\000a\000\040\000f\000u\000n\000\347\000\343\000o\000\040\000h}{32.-1}% 31
\BOOKMARK [0][]{39.0}{\376\377\000A\000n\000\341\000l\000i\000s\000e\000\040\000d\000o\000\040\000a\000l\000g\000o\000r\000i\000t\000m\000o\000\040\000A\000*}{32.-1}% 32
\BOOKMARK [0][]{40.0}{\376\377\000E\000x\000e\000r\000c\000\355\000c\000i\000o}{32.-1}% 33
\BOOKMARK [0][]{42.0}{\376\377\000M\000a\000t\000e\000r\000i\000a\000l\000\040\000d\000e\000\040\000c\000o\000n\000s\000u\000l\000t\000a}{32.-1}% 34
